Performing C SOURCE FILE Test CMAKE_HAVE_LIBC_PTHREAD failed with the following output:
Change Dir: /home/maksim/CLionProjects/l_11/cmake-build-debug-coverage/CMakeFiles/CMakeTmp

Run Build Command(s):/usr/bin/make cmTC_90593/fast && /usr/bin/make  -f CMakeFiles/cmTC_90593.dir/build.make CMakeFiles/cmTC_90593.dir/build
make[1]: вход в каталог «/home/maksim/CLionProjects/l_11/cmake-build-debug-coverage/CMakeFiles/CMakeTmp»
Building C object CMakeFiles/cmTC_90593.dir/src.c.o
/bin/clang-10   -fprofile-instr-generate -fcoverage-mapping -DCMAKE_HAVE_LIBC_PTHREAD   -o CMakeFiles/cmTC_90593.dir/src.c.o   -c /home/maksim/CLionProjects/l_11/cmake-build-debug-coverage/CMakeFiles/CMakeTmp/src.c
Linking C executable cmTC_90593
/snap/clion/137/bin/cmake/linux/bin/cmake -E cmake_link_script CMakeFiles/cmTC_90593.dir/link.txt --verbose=1
/bin/clang-10 -fprofile-instr-generate -fcoverage-mapping -DCMAKE_HAVE_LIBC_PTHREAD    -rdynamic CMakeFiles/cmTC_90593.dir/src.c.o  -o cmTC_90593 
/bin/ld: CMakeFiles/cmTC_90593.dir/src.c.o: в функции «main»:
src.c:(.text+0x6c): неопределённая ссылка на «pthread_create»
/bin/ld: src.c:(.text+0x78): неопределённая ссылка на «pthread_detach»
/bin/ld: src.c:(.text+0x84): неопределённая ссылка на «pthread_cancel»
/bin/ld: src.c:(.text+0x96): неопределённая ссылка на «pthread_join»
clang: error: linker command failed with exit code 1 (use -v to see invocation)
make[1]: *** [CMakeFiles/cmTC_90593.dir/build.make:107: cmTC_90593] Ошибка 1
make[1]: выход из каталога «/home/maksim/CLionProjects/l_11/cmake-build-debug-coverage/CMakeFiles/CMakeTmp»
make: *** [Makefile:141: cmTC_90593/fast] Ошибка 2


Source file was:
#include <pthread.h>

void* test_func(void* data)
{
  return data;
}

int main(void)
{
  pthread_t thread;
  pthread_create(&thread, NULL, test_func, NULL);
  pthread_detach(thread);
  pthread_cancel(thread);
  pthread_join(thread, NULL);
  pthread_atfork(NULL, NULL, NULL);
  pthread_exit(NULL);

  return 0;
}

Determining if the function pthread_create exists in the pthreads failed with the following output:
Change Dir: /home/maksim/CLionProjects/l_11/cmake-build-debug-coverage/CMakeFiles/CMakeTmp

Run Build Command(s):/usr/bin/make cmTC_75cb5/fast && /usr/bin/make  -f CMakeFiles/cmTC_75cb5.dir/build.make CMakeFiles/cmTC_75cb5.dir/build
make[1]: вход в каталог «/home/maksim/CLionProjects/l_11/cmake-build-debug-coverage/CMakeFiles/CMakeTmp»
Building C object CMakeFiles/cmTC_75cb5.dir/CheckFunctionExists.c.o
/bin/clang-10   -fprofile-instr-generate -fcoverage-mapping -DCHECK_FUNCTION_EXISTS=pthread_create   -o CMakeFiles/cmTC_75cb5.dir/CheckFunctionExists.c.o   -c /snap/clion/137/bin/cmake/linux/share/cmake-3.17/Modules/CheckFunctionExists.c
Linking C executable cmTC_75cb5
/snap/clion/137/bin/cmake/linux/bin/cmake -E cmake_link_script CMakeFiles/cmTC_75cb5.dir/link.txt --verbose=1
/bin/clang-10 -fprofile-instr-generate -fcoverage-mapping -DCHECK_FUNCTION_EXISTS=pthread_create    -rdynamic CMakeFiles/cmTC_75cb5.dir/CheckFunctionExists.c.o  -o cmTC_75cb5  -lpthreads 
/bin/ld: невозможно найти -lpthreads
clang: error: linker command failed with exit code 1 (use -v to see invocation)
make[1]: *** [CMakeFiles/cmTC_75cb5.dir/build.make:107: cmTC_75cb5] Ошибка 1
make[1]: выход из каталога «/home/maksim/CLionProjects/l_11/cmake-build-debug-coverage/CMakeFiles/CMakeTmp»
make: *** [Makefile:141: cmTC_75cb5/fast] Ошибка 2



